Arguments: 
  C:\Program Files\nodejs\node.exe C:\Users\Aluno\AppData\Roaming\npm\node_modules\yarn\bin\yarn.js install

PATH: 
  C:\Program Files (x86)\NVIDIA Corporation\PhysX\Common;C:\Python311\Scripts\;C:\Python311\;C:\Program Files (x86)\Common Files\Oracle\Java\javapath;C:\windows\system32;C:\windows;C:\windows\System32\Wbem;C:\windows\System32\WindowsPowerShell\v1.0\;C:\windows\System32\OpenSSH\;C:\Program Files\Docker\Docker\resources\bin;C:\Program Files\Git\cmd;C:\ProgramData\chocolatey\bin;C:\Program Files\dotnet\;C:\Program Files\nodejs\;C:\Program Files\Microsoft SQL Server\Client SDK\ODBC\110\Tools\Binn\;C:\Program Files (x86)\Microsoft SQL Server\120\Tools\Binn\;C:\Program Files\Microsoft SQL Server\120\Tools\Binn\;C:\Program Files\Microsoft SQL Server\120\DTS\Binn\;C:\Program Files (x86)\Windows Kits\8.1\Windows Performance Toolkit\;C:\Users\Aluno\AppData\Local\Microsoft\WindowsApps;C:\Microsoft VS Code\bin;C:\Users\Aluno\AppData\Roaming\npm;C:\Users\Aluno\AppData\Local\GitHubDesktop\bin

Yarn version: 
  1.22.19

Node version: 
  18.14.0

Platform: 
  win32 x64

Trace: 
  Error: connect EHOSTUNREACH 104.16.27.35:443
      at TCPConnectWrap.afterConnect [as oncomplete] (node:net:1494:16)

npm manifest: 
  {
    "name": "server",
    "version": "1.0.0",
    "description": "",
    "main": "server.js",
    "scripts": {
      "test": "echo \"Error: no test specified\" && exit 1",
      "start": "node server",
      "dev": "nodemon server.js"
    },
    "keywords": [],
    "author": "",
    "license": "ISC",
    "dependencies": {
      "apicache": "^1.6.3",
      "bcrypt": "^5.1.0",
      "cors": "^2.8.5",
      "dotenv": "^16.0.3",
      "express": "^4.18.2",
      "jsonwebtoken": "^8.5.1",
      "mysql": "^2.18.1",
      "nodemailer": "^6.8.0",
      "nodemailer-express-handlebars": "^5.0.0",
      "uuid": "^9.0.0"
    },
    "devDependencies": {
      "nodemon": "^2.0.20"
    }
  }

yarn manifest: 
  No manifest

Lockfile: 
  No lockfile
